0 info it worked if it ends with ok
1 verbose cli [ '/Users/vvolle/.nave/installed/0.8.18/bin/node',
1 verbose cli   '/Users/vvolle/.nave/installed/0.8.18/bin/npm',
1 verbose cli   'install',
1 verbose cli   'sax' ]
2 info using npm@1.2.2
3 info using node@v0.8.18
4 verbose read json /Users/vvolle/workspaces/me/nodejs/code/sandbox/vvo/xml-digester/package.json
5 error Failed to parse json
5 error Unexpected token }
6 error File: /Users/vvolle/workspaces/me/nodejs/code/sandbox/vvo/xml-digester/package.json
7 error Failed to parse package.json data.
7 error package.json must be actual JSON, not just JavaScript.
7 error
7 error This is not a bug in npm.
7 error Tell the package author to fix their package.json file. JSON.parse
8 error System Darwin 11.4.2
9 error command "/Users/vvolle/.nave/installed/0.8.18/bin/node" "/Users/vvolle/.nave/installed/0.8.18/bin/npm" "install" "sax"
10 error cwd /Users/vvolle/workspaces/me/nodejs/code/sandbox/vvo/xml-digester/lib
11 error node -v v0.8.18
12 error npm -v 1.2.2
13 error file /Users/vvolle/workspaces/me/nodejs/code/sandbox/vvo/xml-digester/package.json
14 error code EJSONPARSE
15 verbose exit [ 1, true ]
